<?xml version="1.0" encoding="UTF-8"?>
<!-- Generated by org.testng.reporters.JUnitReportReporter -->
<testsuite hostname="MLDCSRGEOD01-VM" name="com.cosac.TestCases.COS06_LocalProductCreation" tests="2" failures="0" timestamp="12 May 2020 09:17:12 GMT" time="52.997" errors="0">
  <testcase name="LocalProduct" time="20.784" classname="com.cosac.TestCases.COS06_LocalProductCreation"/>
  <testcase name="createLocationForm" time="32.213" classname="com.cosac.TestCases.COS06_LocalProductCreation"/>
</testsuite> <!-- com.cosac.TestCases.COS06_LocalProductCreation -->
