<?xml version="1.0" encoding="UTF-8"?>
<!-- Generated by org.testng.reporters.JUnitReportReporter -->
<testsuite hostname="MLDCSRGEOD01-VM" name="com.cosac.TestCases.Cos03_VendorCreation" tests="2" failures="0" timestamp="11 May 2020 12:56:15 GMT" time="30.310" errors="0">
  <testcase name="create_VendorForm" time="23.492" classname="com.cosac.TestCases.Cos03_VendorCreation"/>
  <testcase name="vendor_Search" time="6.818" classname="com.cosac.TestCases.Cos03_VendorCreation"/>
</testsuite> <!-- com.cosac.TestCases.Cos03_VendorCreation -->
