<?xml version="1.0" encoding="UTF-8"?>
<!-- Generated by org.testng.reporters.JUnitReportReporter -->
<testsuite skipped="0" hostname="LAPTOP-L4SBH93J" name="com.cosac.TestCases.TC_LoginTest" tests="1" failures="0" timestamp="19 Jan 2020 16:45:21 GMT" time="6.633" errors="0">
  <testcase name="loginTest" time="6.633" classname="com.cosac.TestCases.TC_LoginTest"/>
</testsuite> <!-- com.cosac.TestCases.TC_LoginTest -->
