<?xml version="1.0" encoding="UTF-8"?>
<!-- Generated by org.testng.reporters.JUnitReportReporter -->
<testsuite hostname="MLDCSRGEOD01-VM" name="com.cosac.TestCases.COS93_BuyerSalesHistoryReport" tests="2" failures="0" timestamp="12 May 2020 11:08:58 GMT" time="85.544" errors="0">
  <testcase name="BuyerSalesHistoryReport" time="2.725" classname="com.cosac.TestCases.COS93_BuyerSalesHistoryReport"/>
  <testcase name="verifyBuyerSalesReport" time="82.819" classname="com.cosac.TestCases.COS93_BuyerSalesHistoryReport"/>
</testsuite> <!-- com.cosac.TestCases.COS93_BuyerSalesHistoryReport -->
