<?xml version="1.0" encoding="UTF-8"?>
<!-- Generated by org.testng.reporters.JUnitReportReporter -->
<testsuite hostname="MLDCSRGEOD01-VM" name="com.cosac.TestCases.COS103_Merchandising_Warehouse_OverSupply" tests="2" failures="0" timestamp="12 May 2020 11:10:49 GMT" time="35.061" errors="0">
  <testcase name="Reports_WarehouseOversupply1" time="32.641" classname="com.cosac.TestCases.COS103_Merchandising_Warehouse_OverSupply"/>
  <testcase name="Reports_WarehouseOversupply" time="2.420" classname="com.cosac.TestCases.COS103_Merchandising_Warehouse_OverSupply"/>
</testsuite> <!-- com.cosac.TestCases.COS103_Merchandising_Warehouse_OverSupply -->
