<?xml version="1.0" encoding="UTF-8"?>
<!-- Generated by org.testng.reporters.JUnitReportReporter -->
<testsuite hostname="MLDCSRGEOD01-VM" name="com.cosac.TestCases.COS15_StockAllocation" tests="3" failures="0" timestamp="11 May 2020 06:05:35 GMT" time="12.933" errors="0">
  <testcase name="SearchStockAllocation" time="2.405" classname="com.cosac.TestCases.COS15_StockAllocation"/>
  <testcase name="StockAllocation" time="2.400" classname="com.cosac.TestCases.COS15_StockAllocation"/>
  <testcase name="createStockAllocation" time="8.128" classname="com.cosac.TestCases.COS15_StockAllocation"/>
</testsuite> <!-- com.cosac.TestCases.COS15_StockAllocation -->
