<?xml version="1.0" encoding="UTF-8"?>
<!-- Generated by org.testng.reporters.JUnitReportReporter -->
<testsuite hostname="MLDCSRGEOD01-VM" name="com.cosac.TestCases.COS_18_Directreceipt" tests="3" failures="0" timestamp="12 May 2020 10:10:11 GMT" time="75.510" errors="0">
  <testcase name="Directreceipt_verify_stockcount" time="15.259" classname="com.cosac.TestCases.COS_18_Directreceipt"/>
  <testcase name="Directreceipt_form" time="48.374" classname="com.cosac.TestCases.COS_18_Directreceipt"/>
  <testcase name="Directreceipt_stockcount_afterDRN" time="11.877" classname="com.cosac.TestCases.COS_18_Directreceipt"/>
</testsuite> <!-- com.cosac.TestCases.COS_18_Directreceipt -->
