<?xml version="1.0" encoding="UTF-8"?>
<!-- Generated by org.testng.reporters.JUnitReportReporter -->
<testsuite hostname="MLDCSRGEOD01-VM" name="com.cosac.TestCases.COS17_GoodsReceipt" tests="2" failures="0" timestamp="12 May 2020 09:44:03 GMT" time="102.224" errors="0">
  <testcase name="GoodsRecieptForm" time="98.777" classname="com.cosac.TestCases.COS17_GoodsReceipt"/>
  <testcase name="create_GoodsRcpt" time="3.447" classname="com.cosac.TestCases.COS17_GoodsReceipt"/>
</testsuite> <!-- com.cosac.TestCases.COS17_GoodsReceipt -->
