<?xml version="1.0" encoding="UTF-8"?>
<!-- Generated by org.testng.reporters.JUnitReportReporter -->
<testsuite hostname="MLDCSRGEOD01-VM" name="com.cosac.TestCases.COS04_LocalVendorCreation" tests="2" failures="0" timestamp="11 May 2020 12:56:15 GMT" time="30.709" errors="0">
  <testcase name="vendor_Search" time="6.906" classname="com.cosac.TestCases.COS04_LocalVendorCreation"/>
  <testcase name="createLocal_VendorForm" time="23.803" classname="com.cosac.TestCases.COS04_LocalVendorCreation"/>
</testsuite> <!-- com.cosac.TestCases.COS04_LocalVendorCreation -->
