<?xml version="1.0" encoding="UTF-8"?>
<!-- Generated by org.testng.reporters.JUnitReportReporter -->
<testsuite hostname="MLDCSRGEOD01-VM" name="com.cosac.TestCases.COS19_StockCount" tests="2" failures="0" timestamp="11 May 2020 13:53:34 GMT" time="150.038" errors="0">
  <testcase name="Stock_Count" time="2.520" classname="com.cosac.TestCases.COS19_StockCount"/>
  <testcase name="CreateStock" time="147.518" classname="com.cosac.TestCases.COS19_StockCount"/>
</testsuite> <!-- com.cosac.TestCases.COS19_StockCount -->
