<?xml version="1.0" encoding="UTF-8"?>
<!-- Generated by org.testng.reporters.JUnitReportReporter -->
<testsuite hostname="MLDCSRGEOD01-VM" name="com.cosac.TestCases.COS01_LocationCreation" tests="3" failures="0" timestamp="11 May 2020 06:05:35 GMT" time="19.272" errors="0">
  <testcase name="search_Location" time="8.848" classname="com.cosac.TestCases.COS01_LocationCreation"/>
  <testcase name="location" time="2.819" classname="com.cosac.TestCases.COS01_LocationCreation"/>
  <testcase name="createLocationForm" time="7.605" classname="com.cosac.TestCases.COS01_LocationCreation"/>
</testsuite> <!-- com.cosac.TestCases.COS01_LocationCreation -->
