<?xml version="1.0" encoding="UTF-8"?>
<!-- Generated by org.testng.reporters.JUnitReportReporter -->
<testsuite hostname="MLDCSRGEOD01-VM" name="com.cosac.TestCases.COS23_CreateVendorReturns" tests="2" failures="0" timestamp="11 May 2020 06:05:35 GMT" time="24.157" errors="0">
  <testcase name="VendorReturns" time="3.833" classname="com.cosac.TestCases.COS23_CreateVendorReturns"/>
  <testcase name="SearchVendorReturns" time="20.324" classname="com.cosac.TestCases.COS23_CreateVendorReturns"/>
</testsuite> <!-- com.cosac.TestCases.COS23_CreateVendorReturns -->
