<?xml version="1.0" encoding="UTF-8"?>
<!-- Generated by org.testng.reporters.JUnitReportReporter -->
<testsuite hostname="MLDCSRGEOD01-VM" name="com.cosac.TestCases.COS85_WarrantyReports" tests="6" failures="0" timestamp="11 May 2020 13:53:34 GMT" time="659.396" errors="0">
  <testcase name="WarrantyDueRenewal_Report" time="53.557" classname="com.cosac.TestCases.COS85_WarrantyReports"/>
  <testcase name="warrantysales_Report" time="114.029" classname="com.cosac.TestCases.COS85_WarrantyReports"/>
  <testcase name="WarantyReturn_Reports" time="127.829" classname="com.cosac.TestCases.COS85_WarrantyReports"/>
  <testcase name="brokerwarranty_Transactionsreports" time="48.067" classname="com.cosac.TestCases.COS85_WarrantyReports"/>
  <testcase name="WarrantyHitRate_Report" time="157.600" classname="com.cosac.TestCases.COS85_WarrantyReports"/>
  <testcase name="secondSolitaion_CandidatesReports" time="158.314" classname="com.cosac.TestCases.COS85_WarrantyReports"/>
</testsuite> <!-- com.cosac.TestCases.COS85_WarrantyReports -->
