<?xml version="1.0" encoding="UTF-8"?>
<!-- Generated by org.testng.reporters.JUnitReportReporter -->
<testsuite hostname="MLDCSRGEOD01-VM" name="com.cosac.TestCases.COS83_OutstandingSRForProdDept" tests="2" failures="0" timestamp="11 May 2020 13:53:34 GMT" time="8.461" errors="0">
  <testcase name="OutstandingSRProdDept" time="5.644" classname="com.cosac.TestCases.COS83_OutstandingSRForProdDept"/>
  <testcase name="OutstandingSRPerProdDept" time="2.817" classname="com.cosac.TestCases.COS83_OutstandingSRForProdDept"/>
</testsuite> <!-- com.cosac.TestCases.COS83_OutstandingSRForProdDept -->
