<?xml version="1.0" encoding="UTF-8"?>
<!-- Generated by org.testng.reporters.JUnitReportReporter -->
<testsuite hostname="MLDCSRGEOD01-VM" name="com.cosac.TestCases.COS02_ProductHierarchy" tests="1" failures="0" timestamp="11 May 2020 12:56:15 GMT" time="23.705" errors="0">
  <testcase name="createprdthierarchy" time="23.705" classname="com.cosac.TestCases.COS02_ProductHierarchy"/>
</testsuite> <!-- com.cosac.TestCases.COS02_ProductHierarchy -->
