<?xml version="1.0" encoding="UTF-8"?>
<!-- Generated by org.testng.reporters.JUnitReportReporter -->
<testsuite hostname="MLDCSRGEOD01-VM" name="com.cosac.TestCases.COS100_TopSKUReports" tests="1" failures="0" timestamp="12 May 2020 10:03:15 GMT" time="44.927" errors="0">
  <testcase name="topSkuReports" time="44.927" classname="com.cosac.TestCases.COS100_TopSKUReports"/>
</testsuite> <!-- com.cosac.TestCases.COS100_TopSKUReports -->
