<?xml version="1.0" encoding="UTF-8"?>
<!-- Generated by org.testng.reporters.JUnitReportReporter -->
<testsuite hostname="MLDCSRGEOD01-VM" name="com.cosac.TestCases.COS16_StockRequisitionProcess" tests="3" failures="0" timestamp="11 May 2020 06:05:35 GMT" time="13.215" errors="0">
  <testcase name="SearchStockRequisition" time="2.327" classname="com.cosac.TestCases.COS16_StockRequisitionProcess"/>
  <testcase name="StockRequisition" time="2.948" classname="com.cosac.TestCases.COS16_StockRequisitionProcess"/>
  <testcase name="createStockRequisition" time="7.940" classname="com.cosac.TestCases.COS16_StockRequisitionProcess"/>
</testsuite> <!-- com.cosac.TestCases.COS16_StockRequisitionProcess -->
