<?xml version="1.0" encoding="UTF-8"?>
<!-- Generated by org.testng.reporters.JUnitReportReporter -->
<testsuite hostname="MLDCSRGEOD01-VM" name="com.cosac.TestCases.COS09_ComboProductCreation" tests="2" failures="0" timestamp="12 May 2020 11:08:58 GMT" time="158.325" errors="0">
  <testcase name="ComboProduct" time="151.431" classname="com.cosac.TestCases.COS09_ComboProductCreation"/>
  <testcase name="CreateCombo" time="6.894" classname="com.cosac.TestCases.COS09_ComboProductCreation"/>
</testsuite> <!-- com.cosac.TestCases.COS09_ComboProductCreation -->
