<?xml version="1.0" encoding="UTF-8"?>
<!-- Generated by org.testng.reporters.JUnitReportReporter -->
<testsuite hostname="MLDCSRGEOD01-VM" name="com.cosac.TestCases.COS_07_Repossessed" tests="1" failures="0" timestamp="11 May 2020 06:05:35 GMT" time="42.272" errors="0">
  <testcase name="Repossessed" time="42.272" classname="com.cosac.TestCases.COS_07_Repossessed"/>
</testsuite> <!-- com.cosac.TestCases.COS_07_Repossessed -->
