<?xml version="1.0" encoding="UTF-8"?>
<!-- Generated by org.testng.reporters.JUnitReportReporter -->
<testsuite hostname="MLDCSRGEOD01-VM" name="com.cosac.TestCases.COS10_SparePartsProductCreation" tests="2" failures="0" timestamp="12 May 2020 10:12:14 GMT" time="36.336" errors="0">
  <testcase name="verifysaprePartCreation" time="31.648" classname="com.cosac.TestCases.COS10_SparePartsProductCreation"/>
  <testcase name="saprePartCreation" time="4.688" classname="com.cosac.TestCases.COS10_SparePartsProductCreation"/>
</testsuite> <!-- com.cosac.TestCases.COS10_SparePartsProductCreation -->
